[17:05:12] [main/INFO]: Loading Minecraft 1.18.2 with Fabric Loader 0.13.3
[17:05:12] [main/INFO]: Fabric is preparing JARs on first launch, this may take a few seconds...
[17:05:19] [main/INFO]: Loading 45 mods:
	- fabric 0.48.0+1.18.2
	- fabric-api-base 0.4.4+d7c144a860 via fabric
	- fabric-api-lookup-api-v1 1.5.7+d7c144a860 via fabric
	- fabric-biome-api-v1 8.0.3+801ec85b60 via fabric
	- fabric-blockrenderlayer-v1 1.1.12+3ac43d9560 via fabric
	- fabric-command-api-v1 1.1.9+d7c144a860 via fabric
	- fabric-commands-v0 0.2.8+b4f4f6cd60 via fabric
	- fabric-containers-v0 0.1.21+d7c144a860 via fabric
	- fabric-content-registries-v0 3.0.2+d82b939260 via fabric
	- fabric-crash-report-info-v1 0.1.11+3ac43d9560 via fabric
	- fabric-dimensions-v1 2.1.17+2540745460 via fabric
	- fabric-entity-events-v1 1.4.8+d7c144a860 via fabric
	- fabric-events-interaction-v0 0.4.19+d7c144a860 via fabric
	- fabric-events-lifecycle-v0 0.2.13+d7c144a860 via fabric
	- fabric-game-rule-api-v1 1.0.13+d7c144a860 via fabric
	- fabric-item-api-v1 1.3.3+691a79b560 via fabric
	- fabric-item-groups-v0 0.3.10+3ac43d9560 via fabric
	- fabric-key-binding-api-v1 1.0.12+54e5b2ec60 via fabric
	- fabric-keybindings-v0 0.2.10+b4f4f6cd60 via fabric
	- fabric-lifecycle-events-v1 2.0.2+2540745460 via fabric
	- fabric-loot-tables-v1 1.0.11+d7c144a860 via fabric
	- fabric-mining-level-api-v1 2.0.4+d1027f7d60 via fabric
	- fabric-models-v0 0.3.6+d7c144a860 via fabric
	- fabric-networking-api-v1 1.0.21+d882b91560 via fabric
	- fabric-networking-v0 0.3.8+b4f4f6cd60 via fabric
	- fabric-object-builder-api-v1 2.0.3+40c91ec860 via fabric
	- fabric-particles-v1 0.2.12+526dc1ac60 via fabric
	- fabric-registry-sync-v0 0.9.8+0d9ab37260 via fabric
	- fabric-renderer-api-v1 0.4.13+d882b91560 via fabric
	- fabric-renderer-indigo 0.4.17+d8c7b9ae60 via fabric
	- fabric-renderer-registries-v1 3.2.11+b4f4f6cd60 via fabric
	- fabric-rendering-data-attachment-v1 0.3.7+d7c144a860 via fabric
	- fabric-rendering-fluids-v1 2.0.2+54e5b2ec60 via fabric
	- fabric-rendering-v0 1.1.13+b4f4f6cd60 via fabric
	- fabric-rendering-v1 1.10.7+54e5b2ec60 via fabric
	- fabric-resource-conditions-api-v1 2.0.2+d1027f7d60 via fabric
	- fabric-resource-loader-v0 0.4.18+2de5574560 via fabric
	- fabric-screen-api-v1 1.0.10+d882b91560 via fabric
	- fabric-screen-handler-api-v1 1.1.14+40c91ec860 via fabric
	- fabric-textures-v0 1.0.12+3ac43d9560 via fabric
	- fabric-transfer-api-v1 1.5.14+cca23f9360 via fabric
	- fabric-transitive-access-wideners-v1 1.0.0+40c91ec860 via fabric
	- fabricloader 0.13.3
	- java 17
	- minecraft 1.18.2
[17:05:20] [main/INFO]: SpongePowered MIXIN Subsystem Version=0.8.5 Source=file:/C:/Users/konec/curseforge/minecraft/Install/libraries/net/fabricmc/sponge-mixin/0.11.2+mixin.0.8.5/sponge-mixin-0.11.2+mixin.0.8.5.jar Service=Knot/Fabric Env=CLIENT
[17:05:21] [main/INFO]: Compatibility level set to JAVA_16
[17:05:25] [main/WARN]: @Inject(@At("INVOKE")) Shift.BY=3 on fabric-lifecycle-events-v1.mixins.json:client.WorldChunkMixin::handler$zdf000$onLoadBlockEntity exceeds the maximum allowed value: 0. Increase the value of maxShiftBy to suppress this warning.
[17:05:30] [Render thread/INFO]: Environment: authHost='https://authserver.mojang.com', accountsHost='https://api.mojang.com', sessionHost='https://sessionserver.mojang.com', servicesHost='https://api.minecraftservices.com', name='PROD'
[17:05:37] [Render thread/INFO]: Setting user: imgaria
[17:05:38] [Render thread/INFO]: [Indigo] Registering Indigo renderer!
[17:05:39] [Render thread/INFO]: Backend library: LWJGL version 3.2.2 build 10
[17:05:49] [Render thread/INFO]: Narrator library for x64 successfully loaded
[17:05:50] [Render thread/INFO]: Reloading ResourceManager: Default, Fabric Mods (Fabric API, Fabric API Base, Fabric API Lookup API (v1), Fabric Biome API (v1), Fabric BlockRenderLayer Registration (v1), Fabric Command API (v1), Fabric Commands (v0), Fabric Containers (v0), Fabric Content Registries (v0), Fabric Crash Report Info (v1), Fabric Dimensions API (v1), Fabric Entity Events (v1), Fabric Events Interaction (v0), Fabric Events Lifecycle (v0), Fabric Game Rule API (v1), Fabric Item API (v1), Fabric Item Groups (v0), Fabric Key Binding API (v1), Fabric Key Bindings (v0), Fabric Lifecycle Events (v1), Fabric Loot Tables (v1), Fabric Mining Level API (v1), Fabric Models (v0), Fabric Networking API (v1), Fabric Networking (v0), Fabric Object Builder API (v1), Fabric Particles (v1), Fabric Registry Sync (v0), Fabric Renderer API (v1), Fabric Renderer - Indigo, Fabric Renderer Registries (v1), Fabric Rendering Data Attachment (v1), Fabric Rendering Fluids (v1), Fabric Rendering (v0), Fabric Rendering (v1), Fabric Resource Conditions API (v1), Fabric Resource Loader (v0), Fabric Screen API (v1), Fabric Screen Handler API (v1), Fabric Textures (v0), Fabric Transfer API (v1), Fabric Transitive Access Wideners (v1), Fabric Loader)
[17:06:02] [Render thread/INFO]: OpenAL initialized on device OpenAL Soft on Realtek HD Audio 2nd output (Realtek(R) Audio)
[17:06:02] [Render thread/INFO]: Sound engine started
[17:06:03] [Render thread/INFO]: Created: 1024x1024x4 minecraft:textures/atlas/blocks.png-atlas
[17:06:03] [Render thread/INFO]: Created: 256x128x4 minecraft:textures/atlas/signs.png-atlas
[17:06:03] [Render thread/INFO]: Created: 1024x512x4 minecraft:textures/atlas/banner_patterns.png-atlas
[17:06:03] [Render thread/INFO]: Created: 1024x512x4 minecraft:textures/atlas/shield_patterns.png-atlas
[17:06:03] [Render thread/INFO]: Created: 256x256x4 minecraft:textures/atlas/chest.png-atlas
[17:06:03] [Render thread/INFO]: Created: 512x256x4 minecraft:textures/atlas/beds.png-atlas
[17:06:03] [Render thread/INFO]: Created: 512x256x4 minecraft:textures/atlas/shulker_boxes.png-atlas
[17:06:05] [Render thread/INFO]: Created: 256x256x0 minecraft:textures/atlas/particles.png-atlas
[17:06:05] [Render thread/INFO]: Created: 256x256x0 minecraft:textures/atlas/paintings.png-atlas
[17:06:05] [Render thread/INFO]: Created: 256x128x0 minecraft:textures/atlas/mob_effects.png-atlas
[17:06:15] [Render thread/INFO]: Stopping!
